{
  "RSpec": {
    "coverage": {
      "/Users/tomdepplito/Dropbox/tom depplito/eng_community/config/environment.rb": [
        null,
        1,
        null,
        null,
        1
      ],
      "/Users/tomdepplito/Dropbox/tom depplito/eng_community/config/application.rb": [
        1,
        null,
        1,
        null,
        1,
        null,
        1,
        null,
        null,
        null,
        null,
        1,
        1,
        null,
        null,
        null,
        null,
        null,
        null,
        null,
        null,
        null,
        null,
        null,
        null,
        null,
        null,
        null,
        null,
        null,
        null,
        null,
        null,
        null,
        null,
        null,
        1,
        null,
        null,
        1,
        null,
        null,
        1,
        null,
        null,
        null,
        null,
        null,
        null,
        null,
        null,
        null,
        null,
        1,
        null,
        null,
        1,
        null,
        null,
        1,
        null,
        1,
        null,
        null
      ],
      "/Users/tomdepplito/Dropbox/tom depplito/eng_community/config/boot.rb": [
        1,
        null,
        null,
        1,
        null,
        1
      ],
      "/Users/tomdepplito/Dropbox/tom depplito/eng_community/config/environments/development.rb": [
        1,
        null,
        null,
        null,
        null,
        null,
        1,
        null,
        null,
        1,
        null,
        null,
        1,
        1,
        null,
        null,
        1,
        null,
        null,
        1,
        null,
        null,
        1,
        null,
        null,
        1,
        null,
        null,
        null,
        1,
        null,
        null,
        1,
        null,
        null,
        1,
        null,
        1,
        null
      ],
      "/Users/tomdepplito/Dropbox/tom depplito/eng_community/config/initializers/backtrace_silencers.rb": [
        null,
        null,
        null,
        null,
        null,
        null,
        null
      ],
      "/Users/tomdepplito/Dropbox/tom depplito/eng_community/config/initializers/devise.rb": [
        null,
        null,
        1,
        null,
        null,
        null,
        1,
        null,
        null,
        null,
        null,
        null,
        null,
        null,
        null,
        1,
        null,
        null,
        null,
        null,
        null,
        null,
        null,
        null,
        null,
        null,
        null,
        null,
        null,
        null,
        null,
        null,
        null,
        null,
        null,
        null,
        null,
        1,
        null,
        null,
        null,
        null,
        1,
        null,
        null,
        null,
        null,
        null,
        null,
        null,
        null,
        null,
        null,
        null,
        null,
        null,
        null,
        null,
        null,
        null,
        null,
        null,
        null,
        null,
        null,
        null,
        null,
        null,
        null,
        null,
        null,
        null,
        1,
        null,
        null,
        null,
        null,
        null,
        null,
        null,
        null,
        1,
        null,
        null,
        null,
        null,
        null,
        null,
        null,
        null,
        null,
        null,
        null,
        null,
        null,
        null,
        null,
        null,
        1,
        null,
        null,
        null,
        null,
        null,
        null,
        null,
        null,
        null,
        null,
        null,
        null,
        null,
        null,
        null,
        null,
        null,
        null,
        null,
        null,
        null,
        null,
        null,
        null,
        null,
        null,
        null,
        null,
        null,
        null,
        null,
        null,
        null,
        null,
        null,
        null,
        null,
        null,
        null,
        null,
        null,
        null,
        null,
        null,
        null,
        null,
        null,
        null,
        null,
        null,
        null,
        null,
        null,
        null,
        null,
        null,
        null,
        null,
        null,
        null,
        null,
        null,
        null,
        1,
        null,
        null,
        null,
        null,
        null,
        null,
        null,
        null,
        null,
        null,
        null,
        null,
        null,
        null,
        null,
        null,
        null,
        null,
        null,
        null,
        null,
        null,
        null,
        null,
        null,
        null,
        null,
        null,
        null,
        null,
        null,
        null,
        null,
        null,
        null,
        null,
        null,
        null,
        null,
        1,
        null,
        null,
        null,
        null,
        null,
        null,
        null,
        null,
        null,
        null,
        null,
        null,
        null,
        null,
        null,
        null,
        null,
        null,
        null,
        null,
        null,
        null,
        null,
        null,
        null,
        null,
        null,
        null,
        null
      ],
      "/Users/tomdepplito/Dropbox/tom depplito/eng_community/config/initializers/inflections.rb": [
        null,
        null,
        null,
        null,
        null,
        null,
        null,
        null,
        null,
        null,
        null,
        null,
        null,
        null,
        null
      ],
      "/Users/tomdepplito/Dropbox/tom depplito/eng_community/config/initializers/mime_types.rb": [
        null,
        null,
        null,
        null,
        null
      ],
      "/Users/tomdepplito/Dropbox/tom depplito/eng_community/config/initializers/secret_token.rb": [
        null,
        null,
        null,
        null,
        null,
        null,
        1
      ],
      "/Users/tomdepplito/Dropbox/tom depplito/eng_community/config/initializers/session_store.rb": [
        null,
        null,
        1,
        null,
        null,
        null,
        null,
        null
      ],
      "/Users/tomdepplito/Dropbox/tom depplito/eng_community/config/initializers/wrap_parameters.rb": [
        null,
        null,
        null,
        null,
        null,
        null,
        1,
        1,
        null,
        null,
        null,
        1,
        1,
        null
      ],
      "/Users/tomdepplito/Dropbox/tom depplito/eng_community/config/routes.rb": [
        1,
        null,
        1,
        null,
        1,
        null,
        1,
        null
      ],
      "/Users/tomdepplito/Dropbox/tom depplito/eng_community/app/models/user.rb": [
        1,
        1,
        null,
        null,
        1,
        null,
        1,
        null
      ],
      "/Users/tomdepplito/Dropbox/tom depplito/eng_community/app/helpers/application_helper.rb": [
        1,
        null
      ],
      "/Users/tomdepplito/Dropbox/tom depplito/eng_community/app/helpers/companies_helper.rb": [
        1,
        null
      ],
      "/Users/tomdepplito/Dropbox/tom depplito/eng_community/app/controllers/companies_controller.rb": [
        1,
        1,
        0,
        null,
        null,
        1,
        0,
        0,
        0,
        0,
        null,
        0,
        0,
        null,
        null,
        null,
        1,
        0,
        null,
        null
      ],
      "/Users/tomdepplito/Dropbox/tom depplito/eng_community/app/controllers/application_controller.rb": [
        1,
        1,
        null
      ],
      "/Users/tomdepplito/Dropbox/tom depplito/eng_community/app/models/company.rb": [
        1,
        1,
        null,
        1,
        null,
        1,
        1,
        null,
        1,
        1,
        1,
        null
      ],
      "/Users/tomdepplito/Dropbox/tom depplito/eng_community/spec/helpers/companies_helper_spec.rb": [
        1,
        null,
        null,
        null,
        null,
        null,
        null,
        null,
        null,
        null,
        null,
        null,
        1,
        null,
        null
      ],
      "/Users/tomdepplito/Dropbox/tom depplito/eng_community/spec/models/address_spec.rb": [
        1,
        null,
        1,
        2,
        2,
        2,
        2,
        2,
        null
      ],
      "/Users/tomdepplito/Dropbox/tom depplito/eng_community/app/models/address.rb": [
        1,
        1,
        null,
        1,
        null,
        1,
        1,
        1,
        1,
        1,
        null,
        null
      ],
      "/Users/tomdepplito/Dropbox/tom depplito/eng_community/spec/models/company_spec.rb": [
        1,
        null,
        1,
        2,
        2,
        2,
        null
      ],
      "/Users/tomdepplito/Dropbox/tom depplito/eng_community/spec/models/image_spec.rb": [
        1,
        null,
        1,
        2,
        null
      ],
      "/Users/tomdepplito/Dropbox/tom depplito/eng_community/app/models/image.rb": [
        1,
        1,
        null,
        1,
        null,
        1,
        null
      ],
      "/Users/tomdepplito/Dropbox/tom depplito/eng_community/spec/models/inquery_spec.rb": [
        1,
        null,
        1,
        2,
        2,
        2,
        null
      ],
      "/Users/tomdepplito/Dropbox/tom depplito/eng_community/app/models/inquery.rb": [
        1,
        1,
        null,
        1,
        null,
        1,
        1,
        null
      ],
      "/Users/tomdepplito/Dropbox/tom depplito/eng_community/spec/models/product_spec.rb": [
        1,
        null,
        1,
        2,
        2,
        2,
        2,
        2,
        null
      ],
      "/Users/tomdepplito/Dropbox/tom depplito/eng_community/app/models/product.rb": [
        1,
        1,
        null,
        1,
        1,
        null,
        1,
        null,
        1,
        1,
        1,
        1,
        null
      ],
      "/Users/tomdepplito/Dropbox/tom depplito/eng_community/spec/models/tag_spec.rb": [
        1,
        null,
        1,
        2,
        2,
        null
      ],
      "/Users/tomdepplito/Dropbox/tom depplito/eng_community/app/models/tag.rb": [
        1,
        1,
        null,
        1,
        null,
        1,
        null
      ],
      "/Users/tomdepplito/Dropbox/tom depplito/eng_community/spec/models/user_spec.rb": [
        1,
        null,
        1,
        null,
        null
      ]
    },
    "timestamp": 1345657390
  }
}
